Arguments: 
  /home/zynl/.nvm/versions/node/v16.14.0/bin/node /home/zynl/.nvm/versions/node/v16.14.0/bin/yarn add express axios httpStatus

PATH: 
  /home/zynl/.yarn/bin:/home/zynl/.nvm/versions/node/v16.14.0/bin:/usr/local/sbin:/usr/local/bin:/usr/sbin:/usr/bin:/sbin:/bin:/usr/games:/usr/local/games:/usr/lib/wsl/lib:/mnt/c/Program Files/WindowsApps/Microsoft.WindowsTerminal_1.6.10571.0_x64__8wekyb3d8bbwe:/mnt/c/Windows/system32:/mnt/c/Windows:/mnt/c/Windows/System32/Wbem:/mnt/c/Windows/System32/WindowsPowerShell/v1.0/:/mnt/c/Windows/System32/OpenSSH/:/mnt/c/Program Files/Docker/Docker/resources/bin:/mnt/c/ProgramData/DockerDesktop/version-bin:/mnt/c/Program Files/dotnet/:/mnt/c/Program Files/Microsoft SQL Server/Client SDK/ODBC/170/Tools/Binn/:/mnt/c/Program Files (x86)/Microsoft SQL Server/150/Tools/Binn/:/mnt/c/Program Files/Microsoft SQL Server/150/Tools/Binn/:/mnt/c/Program Files/Microsoft SQL Server/150/DTS/Binn/:/mnt/c/Program Files (x86)/Microsoft SQL Server/150/DTS/Binn/:/mnt/c/Program Files/Azure Data Studio/bin:/mnt/c/Program Files/Git/cmd:/mnt/c/Users/zynl/AppData/Local/Microsoft/WindowsApps:/mnt/c/Users/zynl/AppData/Local/Programs/Microsoft VS Code/bin:/mnt/c/Users/zynl/.dotnet/tools:/mnt/c/Users/zynl/AppData/Local/GitHubDesktop/bin:/home/zynl/.dotnet:/home/zynl/.dotnet/tools

Yarn version: 
  1.22.17

Node version: 
  16.14.0

Platform: 
  linux x64

Trace: 
  Error: https://registry.yarnpkg.com/httpStatus: Not found
      at Request.params.callback [as _callback] (/home/zynl/.nvm/versions/node/v16.14.0/lib/node_modules/yarn/lib/cli.js:67029:18)
      at Request.self.callback (/home/zynl/.nvm/versions/node/v16.14.0/lib/node_modules/yarn/lib/cli.js:140883:22)
      at Request.emit (node:events:520:28)
      at Request.<anonymous> (/home/zynl/.nvm/versions/node/v16.14.0/lib/node_modules/yarn/lib/cli.js:141855:10)
      at Request.emit (node:events:520:28)
      at IncomingMessage.<anonymous> (/home/zynl/.nvm/versions/node/v16.14.0/lib/node_modules/yarn/lib/cli.js:141777:12)
      at Object.onceWrapper (node:events:639:28)
      at IncomingMessage.emit (node:events:532:35)
      at endReadableNT (node:internal/streams/readable:1346:12)
      at processTicksAndRejections (node:internal/process/task_queues:83:21)

npm manifest: 
  {
    "name": "calculator-backend",
    "version": "1.0.0",
    "main": "index.js",
    "license": "MIT"
  }

yarn manifest: 
  No manifest

Lockfile: 
  No lockfile
